This is pdfTeX, Version 3.14159265-2.6-1.40.15 (TeX Live 2015/dev/Debian) (preloaded format=pdflatex 2015.9.4)  15 FEB 2016 04:20
entering extended mode
 restricted \write18 enabled.
 file:line:error style messages enabled.
 %&-line parsing enabled.
**\input jdavid-jdecker-shrooms.tex
(./jdavid-jdecker-shrooms.tex (./IEEEtran.cls
Document Class: IEEEtran 2015/08/26 V1.8b by Michael Shell
-- See the "IEEEtran_HOWTO" manual for usage information.
-- http://www.michaelshell.org/tex/ieeetran/
\@IEEEtrantmpdimenA=\dimen102
\@IEEEtrantmpdimenB=\dimen103
\@IEEEtrantmpdimenC=\dimen104
\@IEEEtrantmpcountA=\count79
\@IEEEtrantmpcountB=\count80
\@IEEEtrantmpcountC=\count81
\@IEEEtrantmptoksA=\toks14
LaTeX Font Info:    Try loading font information for OT1+ptm on input line 503.

(/usr/share/texlive/texmf-dist/tex/latex/psnfss/ot1ptm.fd
File: ot1ptm.fd 2001/06/04 font definitions for OT1/ptm.
)
-- Using 8.5in x 11in (letter) paper.
-- Using PDF output.
\@IEEEnormalsizeunitybaselineskip=\dimen105
-- This is a 10 point document.
\CLASSINFOnormalsizebaselineskip=\dimen106
\CLASSINFOnormalsizeunitybaselineskip=\dimen107
\IEEEnormaljot=\dimen108
LaTeX Font Info:    Font shape `OT1/ptm/bx/n' in size <5> not available
(Font)              Font shape `OT1/ptm/b/n' tried instead on input line 1090.
LaTeX Font Info:    Font shape `OT1/ptm/bx/it' in size <5> not available
(Font)              Font shape `OT1/ptm/b/it' tried instead on input line 1090.

LaTeX Font Info:    Font shape `OT1/ptm/bx/n' in size <7> not available
(Font)              Font shape `OT1/ptm/b/n' tried instead on input line 1090.
LaTeX Font Info:    Font shape `OT1/ptm/bx/it' in size <7> not available
(Font)              Font shape `OT1/ptm/b/it' tried instead on input line 1090.

LaTeX Font Info:    Font shape `OT1/ptm/bx/n' in size <8> not available
(Font)              Font shape `OT1/ptm/b/n' tried instead on input line 1090.
LaTeX Font Info:    Font shape `OT1/ptm/bx/it' in size <8> not available
(Font)              Font shape `OT1/ptm/b/it' tried instead on input line 1090.

LaTeX Font Info:    Font shape `OT1/ptm/bx/n' in size <9> not available
(Font)              Font shape `OT1/ptm/b/n' tried instead on input line 1090.
LaTeX Font Info:    Font shape `OT1/ptm/bx/it' in size <9> not available
(Font)              Font shape `OT1/ptm/b/it' tried instead on input line 1090.

LaTeX Font Info:    Font shape `OT1/ptm/bx/n' in size <10> not available
(Font)              Font shape `OT1/ptm/b/n' tried instead on input line 1090.
LaTeX Font Info:    Font shape `OT1/ptm/bx/it' in size <10> not available
(Font)              Font shape `OT1/ptm/b/it' tried instead on input line 1090.

LaTeX Font Info:    Font shape `OT1/ptm/bx/n' in size <11> not available
(Font)              Font shape `OT1/ptm/b/n' tried instead on input line 1090.
LaTeX Font Info:    Font shape `OT1/ptm/bx/it' in size <11> not available
(Font)              Font shape `OT1/ptm/b/it' tried instead on input line 1090.

LaTeX Font Info:    Font shape `OT1/ptm/bx/n' in size <12> not available
(Font)              Font shape `OT1/ptm/b/n' tried instead on input line 1090.
LaTeX Font Info:    Font shape `OT1/ptm/bx/it' in size <12> not available
(Font)              Font shape `OT1/ptm/b/it' tried instead on input line 1090.

LaTeX Font Info:    Font shape `OT1/ptm/bx/n' in size <17> not available
(Font)              Font shape `OT1/ptm/b/n' tried instead on input line 1090.
LaTeX Font Info:    Font shape `OT1/ptm/bx/it' in size <17> not available
(Font)              Font shape `OT1/ptm/b/it' tried instead on input line 1090.

LaTeX Font Info:    Font shape `OT1/ptm/bx/n' in size <20> not available
(Font)              Font shape `OT1/ptm/b/n' tried instead on input line 1090.
LaTeX Font Info:    Font shape `OT1/ptm/bx/it' in size <20> not available
(Font)              Font shape `OT1/ptm/b/it' tried instead on input line 1090.

LaTeX Font Info:    Font shape `OT1/ptm/bx/n' in size <24> not available
(Font)              Font shape `OT1/ptm/b/n' tried instead on input line 1090.
LaTeX Font Info:    Font shape `OT1/ptm/bx/it' in size <24> not available
(Font)              Font shape `OT1/ptm/b/it' tried instead on input line 1090.

\IEEEquantizedlength=\dimen109
\IEEEquantizedlengthdiff=\dimen110
\IEEEquantizedtextheightdiff=\dimen111
\IEEEilabelindentA=\dimen112
\IEEEilabelindentB=\dimen113
\IEEEilabelindent=\dimen114
\IEEEelabelindent=\dimen115
\IEEEdlabelindent=\dimen116
\IEEElabelindent=\dimen117
\IEEEiednormlabelsep=\dimen118
\IEEEiedmathlabelsep=\dimen119
\IEEEiedtopsep=\skip41
\c@section=\count82
\c@subsection=\count83
\c@subsubsection=\count84
\c@paragraph=\count85
\c@IEEEsubequation=\count86
\abovecaptionskip=\skip42
\belowcaptionskip=\skip43
\c@figure=\count87
\c@table=\count88
\@IEEEeqnnumcols=\count89
\@IEEEeqncolcnt=\count90
\@IEEEsubeqnnumrollback=\count91
\@IEEEquantizeheightA=\dimen120
\@IEEEquantizeheightB=\dimen121
\@IEEEquantizeheightC=\dimen122
\@IEEEquantizeprevdepth=\dimen123
\@IEEEquantizemultiple=\count92
\@IEEEquantizeboxA=\box26
\@IEEEtmpitemindent=\dimen124
\IEEEPARstartletwidth=\dimen125
\c@IEEEbiography=\count93
\@IEEEtranrubishbin=\box27
) (/usr/share/texlive/texmf-dist/tex/latex/biblatex/biblatex.sty
Package: biblatex 2014/06/25 v2.9a programmable bibliographies (PK/JW/AB)

(/usr/share/texlive/texmf-dist/tex/latex/biblatex/biblatex1.sty
Package: biblatex1 2014/06/25 v2.9a programmable bibliographies (bibtex) (PK/JW
/AB)

(/usr/share/texlive/texmf-dist/tex/latex/etoolbox/etoolbox.sty
Package: etoolbox 2011/01/03 v2.1 e-TeX tools for LaTeX

(/usr/share/texlive/texmf-dist/tex/latex/etex-pkg/etex.sty
Package: etex 1998/03/26 v2.0 eTeX basic definition package (PEB)
\et@xins=\count94
)
\etb@tempcnta=\count95
)
(/usr/share/texlive/texmf-dist/tex/latex/graphics/keyval.sty
Package: keyval 2014/05/08 v1.15 key=value parser (DPC)
\KV@toks@=\toks15
)
(/usr/share/texlive/texmf-dist/tex/latex/logreq/logreq.sty
Package: logreq 2010/08/04 v1.0 xml request logger
\lrq@indent=\count96

(/usr/share/texlive/texmf-dist/tex/latex/logreq/logreq.def
File: logreq.def 2010/08/04 v1.0 logreq spec v1.0
))
(/usr/share/texlive/texmf-dist/tex/latex/base/ifthen.sty
Package: ifthen 2014/09/29 v1.1c Standard LaTeX ifthen package (DPC)
)
(/usr/share/texlive/texmf-dist/tex/latex/url/url.sty
\Urlmuskip=\muskip10
Package: url 2013/09/16  ver 3.4  Verb mode for urls, etc.
)
\c@tabx@nest=\count97
\c@listtotal=\count98
\c@listcount=\count99
\c@liststart=\count100
\c@liststop=\count101
\c@citecount=\count102
\c@citetotal=\count103
\c@multicitecount=\count104
\c@multicitetotal=\count105
\c@instcount=\count106
\c@maxnames=\count107
\c@minnames=\count108
\c@maxitems=\count109
\c@minitems=\count110
\c@citecounter=\count111
\c@savedcitecounter=\count112
\c@uniquelist=\count113
\c@uniquename=\count114
\c@refsection=\count115
\c@refsegment=\count116
\c@maxextrayear=\count117
\c@maxextraalpha=\count118
\c@abbrvpenalty=\count119
\c@highnamepenalty=\count120
\c@lownamepenalty=\count121
\c@maxparens=\count122
\c@parenlevel=\count123
\blx@tempcnta=\count124
\blx@tempcntb=\count125
\blx@tempcntc=\count126
\blx@maxsection=\count127
\blx@maxsegment=\count128
\blx@notetype=\count129
\blx@parenlevel@text=\count130
\blx@parenlevel@foot=\count131
\labelnumberwidth=\skip44
\labelalphawidth=\skip45
\shorthandwidth=\skip46
\biblabelsep=\skip47
\bibitemsep=\skip48
\bibnamesep=\skip49
\bibinitsep=\skip50
\bibparsep=\skip51
\bibhang=\skip52
\blx@auxin=\read1
\blx@auxout=\write3
\c@mincomprange=\count132
\c@maxcomprange=\count133
\c@mincompwidth=\count134
\c@labelname=\count135
\c@savedlabelname=\count136
\c@author=\count137
\c@savedauthor=\count138
\c@shortauthor=\count139
\c@savedshortauthor=\count140
\c@editor=\count141
\c@savededitor=\count142
\c@editora=\count143
\c@savededitora=\count144
\c@editorb=\count145
\c@savededitorb=\count146
\c@editorc=\count147
\c@savededitorc=\count148
\c@shorteditor=\count149
\c@savedshorteditor=\count150
\c@bookauthor=\count151
\c@savedbookauthor=\count152
\c@translator=\count153
\c@savedtranslator=\count154
\c@annotator=\count155
\c@savedannotator=\count156
\c@commentator=\count157
\c@savedcommentator=\count158
\c@introduction=\count159
\c@savedintroduction=\count160
\c@foreword=\count161
\c@savedforeword=\count162
\c@afterword=\count163
\c@savedafterword=\count164
\c@holder=\count165
\c@savedholder=\count166
\c@namea=\count167
\c@savednamea=\count168
\c@nameb=\count169
\c@savednameb=\count170
\c@namec=\count171
\c@savednamec=\count172
\c@institution=\count173
\c@savedinstitution=\count174
\c@language=\count175
\c@savedlanguage=\count176
\c@location=\count177
\c@savedlocation=\count178
\c@organization=\count179
\c@savedorganization=\count180
\c@origlocation=\count181
\c@savedoriglocation=\count182
\c@origpublisher=\count183
\c@savedorigpublisher=\count184
\c@pageref=\count185
\c@savedpageref=\count186
\c@publisher=\count187
\c@savedpublisher=\count188
\c@lista=\count189
\c@savedlista=\count190
\c@listb=\count191
\c@savedlistb=\count192
\c@listc=\count193
\c@savedlistc=\count194
\c@listd=\count195
\c@savedlistd=\count196
\c@liste=\count197
\c@savedliste=\count198
\c@listf=\count199
\c@savedlistf=\count200
Package biblatex Info: Trying to load compatibility code...
Package biblatex Info: ... file 'blx-compat.def' found.

(/usr/share/texlive/texmf-dist/tex/latex/biblatex/blx-compat.def
File: blx-compat.def 2014/06/25 v2.9a biblatex compatibility (PK/JW/AB)
)
Package biblatex Info: Trying to load generic definitions...
Package biblatex Info: ... file 'biblatex.def' found.

(/usr/share/texlive/texmf-dist/tex/latex/biblatex/biblatex.def
File: biblatex.def 
\c@textcitecount=\count201
\c@textcitetotal=\count202
\c@textcitemaxnames=\count203
\c@biburlnumpenalty=\count204
\c@biburlucpenalty=\count205
\c@biburllcpenalty=\count206
\c@smartand=\count207
)
Package biblatex Info: Trying to load bibliography style 'ieee'...
Package biblatex Info: ... file 'ieee.bbx' found.

(/usr/share/texlive/texmf-dist/tex/latex/biblatex-ieee/ieee.bbx
File: ieee.bbx 2013/10/25 v1.1j biblatex bibliography style
Package biblatex Info: Trying to load bibliography style 'numeric-comp'...
Package biblatex Info: ... file 'numeric-comp.bbx' found.

(/usr/share/texlive/texmf-dist/tex/latex/biblatex/bbx/numeric-comp.bbx
File: numeric-comp.bbx 2014/06/25 v2.9a biblatex bibliography style (PK/JW/AB)
Package biblatex Info: Trying to load bibliography style 'numeric'...
Package biblatex Info: ... file 'numeric.bbx' found.

(/usr/share/texlive/texmf-dist/tex/latex/biblatex/bbx/numeric.bbx
File: numeric.bbx 2014/06/25 v2.9a biblatex bibliography style (PK/JW/AB)
Package biblatex Info: Trying to load bibliography style 'standard'...
Package biblatex Info: ... file 'standard.bbx' found.

(/usr/share/texlive/texmf-dist/tex/latex/biblatex/bbx/standard.bbx
File: standard.bbx 2014/06/25 v2.9a biblatex bibliography style (PK/JW/AB)
\c@bbx:relatedcount=\count208
\c@bbx:relatedtotal=\count209
))))
Package biblatex Info: Trying to load citation style 'ieee'...
Package biblatex Info: ... file 'ieee.cbx' found.

(/usr/share/texlive/texmf-dist/tex/latex/biblatex-ieee/ieee.cbx
File: ieee.cbx 2013/10/25 v1.1j biblatex citation style
Package biblatex Info: Trying to load citation style 'numeric-comp'...
Package biblatex Info: ... file 'numeric-comp.cbx' found.

(/usr/share/texlive/texmf-dist/tex/latex/biblatex/cbx/numeric-comp.cbx
File: numeric-comp.cbx 2014/06/25 v2.9a biblatex citation style (PK/JW/AB)
\c@cbx@tempcnta=\count210
\c@cbx@tempcntb=\count211
Package biblatex Info: Redefining '\cite'.
Package biblatex Info: Redefining '\parencite'.
Package biblatex Info: Redefining '\footcite'.
Package biblatex Info: Redefining '\footcitetext'.
Package biblatex Info: Redefining '\smartcite'.
Package biblatex Info: Redefining '\supercite'.
Package biblatex Info: Redefining '\textcite'.
Package biblatex Info: Redefining '\textcites'.
Package biblatex Info: Redefining '\cites'.
Package biblatex Info: Redefining '\parencites'.
Package biblatex Info: Redefining '\smartcites'.
)
Package biblatex Info: Redefining '\cite'.
Package biblatex Info: Redefining '\cites'.
)
Package biblatex Info: Trying to load configuration file...
Package biblatex Info: ... file 'biblatex.cfg' found.

(/usr/share/texlive/texmf-dist/tex/latex/biblatex/biblatex.cfg
File: biblatex.cfg 
)))
(/usr/share/texlive/texmf-dist/tex/latex/hyperref/hyperref.sty
Package: hyperref 2012/11/06 v6.83m Hypertext links for LaTeX

(/usr/share/texlive/texmf-dist/tex/generic/oberdiek/hobsub-hyperref.sty
Package: hobsub-hyperref 2012/05/28 v1.13 Bundle oberdiek, subset hyperref (HO)


(/usr/share/texlive/texmf-dist/tex/generic/oberdiek/hobsub-generic.sty
Package: hobsub-generic 2012/05/28 v1.13 Bundle oberdiek, subset generic (HO)
Package: hobsub 2012/05/28 v1.13 Construct package bundles (HO)
Package: infwarerr 2010/04/08 v1.3 Providing info/warning/error messages (HO)
Package: ltxcmds 2011/11/09 v1.22 LaTeX kernel commands for general use (HO)
Package: ifluatex 2010/03/01 v1.3 Provides the ifluatex switch (HO)
Package ifluatex Info: LuaTeX not detected.
Package: ifvtex 2010/03/01 v1.5 Detect VTeX and its facilities (HO)
Package ifvtex Info: VTeX not detected.
Package: intcalc 2007/09/27 v1.1 Expandable calculations with integers (HO)
Package: ifpdf 2011/01/30 v2.3 Provides the ifpdf switch (HO)
Package ifpdf Info: pdfTeX in PDF mode is detected.
Package: etexcmds 2011/02/16 v1.5 Avoid name clashes with e-TeX commands (HO)
Package etexcmds Info: Could not find \expanded.
(etexcmds)             That can mean that you are not using pdfTeX 1.50 or
(etexcmds)             that some package has redefined \expanded.
(etexcmds)             In the latter case, load this package earlier.
Package: kvsetkeys 2012/04/25 v1.16 Key value parser (HO)
Package: kvdefinekeys 2011/04/07 v1.3 Define keys (HO)
Package: pdftexcmds 2011/11/29 v0.20 Utility functions of pdfTeX for LuaTeX (HO
)
Package pdftexcmds Info: LuaTeX not detected.
Package pdftexcmds Info: \pdf@primitive is available.
Package pdftexcmds Info: \pdf@ifprimitive is available.
Package pdftexcmds Info: \pdfdraftmode found.
Package: pdfescape 2011/11/25 v1.13 Implements pdfTeX's escape features (HO)
Package: bigintcalc 2012/04/08 v1.3 Expandable calculations on big integers (HO
)
Package: bitset 2011/01/30 v1.1 Handle bit-vector datatype (HO)
Package: uniquecounter 2011/01/30 v1.2 Provide unlimited unique counter (HO)
)
Package hobsub Info: Skipping package `hobsub' (already loaded).
Package: letltxmacro 2010/09/02 v1.4 Let assignment for LaTeX macros (HO)
Package: hopatch 2012/05/28 v1.2 Wrapper for package hooks (HO)
Package: xcolor-patch 2011/01/30 xcolor patch
Package: atveryend 2011/06/30 v1.8 Hooks at the very end of document (HO)
Package: atbegshi 2011/10/05 v1.16 At begin shipout hook (HO)
Package: refcount 2011/10/16 v3.4 Data extraction from label references (HO)
Package: hycolor 2011/01/30 v1.7 Color options for hyperref/bookmark (HO)
)
(/usr/share/texlive/texmf-dist/tex/generic/ifxetex/ifxetex.sty
Package: ifxetex 2010/09/12 v0.6 Provides ifxetex conditional
)
(/usr/share/texlive/texmf-dist/tex/latex/oberdiek/auxhook.sty
Package: auxhook 2011/03/04 v1.3 Hooks for auxiliary files (HO)
)
(/usr/share/texlive/texmf-dist/tex/latex/oberdiek/kvoptions.sty
Package: kvoptions 2011/06/30 v3.11 Key value format for package options (HO)
)
\@linkdim=\dimen126
\Hy@linkcounter=\count212
\Hy@pagecounter=\count213

(/usr/share/texlive/texmf-dist/tex/latex/hyperref/pd1enc.def
File: pd1enc.def 2012/11/06 v6.83m Hyperref: PDFDocEncoding definition (HO)
)
\Hy@SavedSpaceFactor=\count214

(/usr/share/texlive/texmf-dist/tex/latex/latexconfig/hyperref.cfg
File: hyperref.cfg 2002/06/06 v1.2 hyperref configuration of TeXLive
)
Package hyperref Info: Hyper figures OFF on input line 4443.
Package hyperref Info: Link nesting OFF on input line 4448.
Package hyperref Info: Hyper index ON on input line 4451.
Package hyperref Info: Plain pages OFF on input line 4458.
Package hyperref Info: Backreferencing OFF on input line 4463.
Package hyperref Info: Implicit mode ON; LaTeX internals redefined.
Package hyperref Info: Bookmarks ON on input line 4688.
\c@Hy@tempcnt=\count215
LaTeX Info: Redefining \url on input line 5041.
\XeTeXLinkMargin=\dimen127
\Fld@menulength=\count216
\Field@Width=\dimen128
\Fld@charsize=\dimen129
Package hyperref Info: Hyper figures OFF on input line 6295.
Package hyperref Info: Link nesting OFF on input line 6300.
Package hyperref Info: Hyper index ON on input line 6303.
Package hyperref Info: backreferencing OFF on input line 6310.
Package hyperref Info: Link coloring OFF on input line 6315.
Package hyperref Info: Link coloring with OCG OFF on input line 6320.
Package hyperref Info: PDF/A mode OFF on input line 6325.
LaTeX Info: Redefining \ref on input line 6365.
LaTeX Info: Redefining \pageref on input line 6369.
\Hy@abspage=\count217
\c@Item=\count218
\c@Hfootnote=\count219
)

Package hyperref Message: Driver (autodetected): hpdftex.

(/usr/share/texlive/texmf-dist/tex/latex/hyperref/hpdftex.def
File: hpdftex.def 2012/11/06 v6.83m Hyperref driver for pdfTeX
\Fld@listcount=\count220
\c@bookmark@seq@number=\count221

(/usr/share/texlive/texmf-dist/tex/latex/oberdiek/rerunfilecheck.sty
Package: rerunfilecheck 2011/04/15 v1.7 Rerun checks for auxiliary files (HO)
Package uniquecounter Info: New unique counter `rerunfilecheck' on input line 2
82.
)
\Hy@SectionHShift=\skip53
)
(/usr/share/texlive/texmf-dist/tex/latex/amsmath/amsmath.sty
Package: amsmath 2013/01/14 v2.14 AMS math features
\@mathmargin=\skip54

For additional information on amsmath, use the `?' option.
(/usr/share/texlive/texmf-dist/tex/latex/amsmath/amstext.sty
Package: amstext 2000/06/29 v2.01

(/usr/share/texlive/texmf-dist/tex/latex/amsmath/amsgen.sty
File: amsgen.sty 1999/11/30 v2.0
\@emptytoks=\toks16
\ex@=\dimen130
))
(/usr/share/texlive/texmf-dist/tex/latex/amsmath/amsbsy.sty
Package: amsbsy 1999/11/29 v1.2d
\pmbraise@=\dimen131
)
(/usr/share/texlive/texmf-dist/tex/latex/amsmath/amsopn.sty
Package: amsopn 1999/12/14 v2.01 operator names
)
\inf@bad=\count222
LaTeX Info: Redefining \frac on input line 210.
\uproot@=\count223
\leftroot@=\count224
LaTeX Info: Redefining \overline on input line 306.
\classnum@=\count225
\DOTSCASE@=\count226
LaTeX Info: Redefining \ldots on input line 378.
LaTeX Info: Redefining \dots on input line 381.
LaTeX Info: Redefining \cdots on input line 466.
\Mathstrutbox@=\box28
\strutbox@=\box29
\big@size=\dimen132
LaTeX Font Info:    Redeclaring font encoding OML on input line 566.
LaTeX Font Info:    Redeclaring font encoding OMS on input line 567.
\macc@depth=\count227
\c@MaxMatrixCols=\count228
\dotsspace@=\muskip11
\c@parentequation=\count229
\dspbrk@lvl=\count230
\tag@help=\toks17
\row@=\count231
\column@=\count232
\maxfields@=\count233
\andhelp@=\toks18
\eqnshift@=\dimen133
\alignsep@=\dimen134
\tagshift@=\dimen135
\tagwidth@=\dimen136
\totwidth@=\dimen137
\lineht@=\dimen138
\@envbody=\toks19
\multlinegap=\skip55
\multlinetaggap=\skip56
\mathdisplay@stack=\toks20
LaTeX Info: Redefining \[ on input line 2665.
LaTeX Info: Redefining \] on input line 2666.
)
(/usr/share/texlive/texmf-dist/tex/latex/algorithmicx/algpseudocode.sty
Package: algpseudocode 

(/usr/share/texlive/texmf-dist/tex/latex/algorithmicx/algorithmicx.sty
Package: algorithmicx 2005/04/27 v1.2 Algorithmicx

Document Style algorithmicx 1.2 - a greatly improved `algorithmic' style
Normal \count register pool exhausted, switching to extended pool.
\c@ALG@line=\count277
\c@ALG@rem=\count278
\c@ALG@nested=\count279
\ALG@tlm=\skip57
\ALG@thistlm=\skip58
\c@ALG@Lnr=\count280
\c@ALG@blocknr=\count281
\c@ALG@storecount=\count282
\c@ALG@tmpcounter=\count283
\ALG@tmplength=\skip59
)
Document Style - pseudocode environments for use with the `algorithmicx' style
) (/usr/share/texlive/texmf-dist/tex/latex/algorithms/algorithm.sty
Package: algorithm 2009/08/24 v0.1 Document Style `algorithm' - floating enviro
nment

(/usr/share/texlive/texmf-dist/tex/latex/float/float.sty
Package: float 2001/11/08 v1.3d Float enhancements (AL)
\c@float@type=\count284
\float@exts=\toks21
\float@box=\box30
\@float@everytoks=\toks22
\@floatcapt=\box31
)
\@float@every@algorithm=\toks23
\c@algorithm=\count285
)
Package biblatex Info: Trying to load language 'english'...
Package biblatex Info: ... file 'english.lbx' found.

(/usr/share/texlive/texmf-dist/tex/latex/biblatex/lbx/english.lbx
File: english.lbx 2014/06/25 v2.9a biblatex localization (PK/JW/AB)
)
\@quotelevel=\count286
\@quotereset=\count287

(./jdavid-jdecker-shrooms.aux

LaTeX Warning: Label `table:nonlin' multiply defined.

)
\openout1 = `jdavid-jdecker-shrooms.aux'.

LaTeX Font Info:    Checking defaults for OML/cmm/m/it on input line 41.
LaTeX Font Info:    ... okay on input line 41.
LaTeX Font Info:    Checking defaults for T1/cmr/m/n on input line 41.
LaTeX Font Info:    ... okay on input line 41.
LaTeX Font Info:    Checking defaults for OT1/cmr/m/n on input line 41.
LaTeX Font Info:    ... okay on input line 41.
LaTeX Font Info:    Checking defaults for OMS/cmsy/m/n on input line 41.
LaTeX Font Info:    ... okay on input line 41.
LaTeX Font Info:    Checking defaults for OMX/cmex/m/n on input line 41.
LaTeX Font Info:    ... okay on input line 41.
LaTeX Font Info:    Checking defaults for U/cmr/m/n on input line 41.
LaTeX Font Info:    ... okay on input line 41.
LaTeX Font Info:    Checking defaults for PD1/pdf/m/n on input line 41.
LaTeX Font Info:    ... okay on input line 41.

-- Lines per column: 58 (exact).
Package biblatex Info: No input encoding detected.
(biblatex)             Assuming 'ascii'.
Package biblatex Info: Automatic encoding selection.
(biblatex)             Assuming data encoding 'ascii'.
\openout3 = `jdavid-jdecker-shrooms-blx.bib'.

Package biblatex Info: Trying to load bibliographic data...
Package biblatex Info: ... file 'jdavid-jdecker-shrooms.bbl' found.
(./jdavid-jdecker-shrooms.bbl)
Package biblatex Info: Reference section=0 on input line 41.
Package biblatex Info: Reference segment=0 on input line 41.
\AtBeginShipoutBox=\box32
Package hyperref Info: Link coloring OFF on input line 41.

(/usr/share/texlive/texmf-dist/tex/latex/hyperref/nameref.sty
Package: nameref 2012/10/27 v2.43 Cross-referencing by name of section

(/usr/share/texlive/texmf-dist/tex/generic/oberdiek/gettitlestring.sty
Package: gettitlestring 2010/12/03 v1.4 Cleanup title references (HO)
)
\c@section@level=\count288
)
LaTeX Info: Redefining \ref on input line 41.
LaTeX Info: Redefining \pageref on input line 41.
LaTeX Info: Redefining \nameref on input line 41.

(./jdavid-jdecker-shrooms.out) (./jdavid-jdecker-shrooms.out)
\@outlinefile=\write4
\openout4 = `jdavid-jdecker-shrooms.out'.


** WARNING: \and is valid only when in conference or peerreviewca
modes (line 44).
LaTeX Font Info:    Try loading font information for OT1+pcr on input line 44.
(/usr/share/texlive/texmf-dist/tex/latex/psnfss/ot1pcr.fd
File: ot1pcr.fd 2001/06/04 font definitions for OT1/pcr.
)
Package hyperref Info: bookmark level for unknown algorithm defaults to 0 on in
put line 143.
 [1{/var/lib/texmf/fonts/map/pdftex/updmap/pdftex.map}


] [2]
Underfull \hbox (badness 1859) in paragraph at lines 359--367
[]\OT1/ptm/m/n/10 All eight trees pro-duced from information-gain cri-te-
 []


Underfull \hbox (badness 1596) in paragraph at lines 388--388
[]\OT1/ptm/m/n/10 J. Schlim-mer, ``Mush-room records drawn from the
 []

[3pdfTeX warning (ext4): destination with the same identifier (name{table.1}) h
as been already used, duplicate ignored

\AtBegShi@Output ...ipout \box \AtBeginShipoutBox 
                                                  \fi \fi 
l.389 \newpage
              pdfTeX warning (ext4): destination with the same identifier (name
{table.2}) has been already used, duplicate ignored

\AtBegShi@Output ...ipout \box \AtBeginShipoutBox 
                                                  \fi \fi 
l.389 \newpage
              ]
** WARNING: Ignoring useless \section in Appendix (line 391).

Underfull \hbox (badness 10000) in paragraph at lines 413--414
[]\OT1/pcr/m/n/10 [R9] IF ((odor=n) AND
 []


Underfull \hbox (badness 10000) in paragraph at lines 415--416
[]\OT1/pcr/m/n/10 [R10] IF ((odor=n) AND
 []


Underfull \hbox (badness 10000) in paragraph at lines 417--418
[]\OT1/pcr/m/n/10 [R11] IF ((odor=n) AND
 []


Underfull \hbox (badness 10000) in paragraph at lines 419--420
[]\OT1/pcr/m/n/10 [R12] IF ((odor=n) AND
 []


Underfull \hbox (badness 10000) in paragraph at lines 422--423
[]\OT1/pcr/m/n/10 [R13] IF ((odor=n) AND
 []


Underfull \hbox (badness 10000) in paragraph at lines 425--426
[]\OT1/pcr/m/n/10 [R14] IF ((odor=n) AND
 []


Underfull \hbox (badness 10000) in paragraph at lines 425--426
\OT1/pcr/m/n/10 (spore-print-color=w) AND (stalk-root=?)
 []


Underfull \hbox (badness 10000) in paragraph at lines 428--429
[]\OT1/pcr/m/n/10 [R15] IF ((odor=n) AND
 []


Underfull \hbox (badness 10000) in paragraph at lines 428--429
\OT1/pcr/m/n/10 (spore-print-color=w) AND (stalk-root=?)
 []


Underfull \hbox (badness 10000) in paragraph at lines 431--432
[]\OT1/pcr/m/n/10 [R16] IF ((odor=n) AND
 []


Underfull \hbox (badness 10000) in paragraph at lines 434--435
[]\OT1/pcr/m/n/10 [R17] IF ((odor=n) AND
 []


Underfull \hbox (badness 10000) in paragraph at lines 437--438
[]\OT1/pcr/m/n/10 [R18] IF ((odor=n) AND
 []


Underfull \hbox (badness 10000) in paragraph at lines 437--438
\OT1/pcr/m/n/10 (spore-print-color=w) AND (stalk-root=b)
 []


Underfull \hbox (badness 10000) in paragraph at lines 440--441
[]\OT1/pcr/m/n/10 [R19] IF ((odor=n) AND
 []


Underfull \hbox (badness 10000) in paragraph at lines 440--441
\OT1/pcr/m/n/10 (spore-print-color=w) AND (stalk-root=b)
 []


Underfull \hbox (badness 10000) in paragraph at lines 443--444
[]\OT1/pcr/m/n/10 [R20] IF ((odor=n) AND
 []


Underfull \hbox (badness 10000) in paragraph at lines 443--444
\OT1/pcr/m/n/10 (spore-print-color=w) AND (stalk-root=b)
 []


Underfull \hbox (badness 10000) in paragraph at lines 446--447
[]\OT1/pcr/m/n/10 [R21] IF ((odor=n) AND
 []


Underfull \hbox (badness 10000) in paragraph at lines 446--447
\OT1/pcr/m/n/10 (spore-print-color=w) AND (stalk-root=b)
 []


Underfull \hbox (badness 10000) in paragraph at lines 449--450
[]\OT1/pcr/m/n/10 [R22] IF ((odor=n) AND
 []


Underfull \hbox (badness 10000) in paragraph at lines 449--450
\OT1/pcr/m/n/10 (spore-print-color=w) AND (stalk-root=b)
 []


Underfull \hbox (badness 10000) in paragraph at lines 452--453
[]\OT1/pcr/m/n/10 [R23] IF ((odor=n) AND
 []


Underfull \hbox (badness 10000) in paragraph at lines 452--453
\OT1/pcr/m/n/10 (spore-print-color=w) AND (stalk-root=b)
 []


Underfull \hbox (badness 10000) in paragraph at lines 455--456
[]\OT1/pcr/m/n/10 [R24] IF ((odor=n) AND
 []


Underfull \hbox (badness 10000) in paragraph at lines 455--456
\OT1/pcr/m/n/10 (spore-print-color=w) AND (stalk-root=b)
 []


Underfull \hbox (badness 10000) in paragraph at lines 458--459
[]\OT1/pcr/m/n/10 [R25] IF ((odor=n) AND
 []


Underfull \hbox (badness 10000) in paragraph at lines 458--459
\OT1/pcr/m/n/10 (spore-print-color=w) AND (stalk-root=b)
 []


Underfull \hbox (badness 10000) in paragraph at lines 461--462
[]\OT1/pcr/m/n/10 [R26] IF ((odor=n) AND
 []


Underfull \hbox (badness 10000) in paragraph at lines 461--462
\OT1/pcr/m/n/10 (spore-print-color=w) AND (stalk-root=b)
 []


Underfull \hbox (badness 10000) in paragraph at lines 464--465
[]\OT1/pcr/m/n/10 [R27] IF ((odor=n) AND
 []


Underfull \hbox (badness 10000) in paragraph at lines 464--465
\OT1/pcr/m/n/10 (spore-print-color=w) AND (stalk-root=b)
 []


Underfull \hbox (badness 10000) in paragraph at lines 467--468
[]\OT1/pcr/m/n/10 [R28] IF ((odor=n) AND
 []


Underfull \hbox (badness 10000) in paragraph at lines 470--471
[]\OT1/pcr/m/n/10 [R29] IF ((odor=n) AND
 []


Underfull \hbox (badness 10000) in paragraph at lines 472--473
[]\OT1/pcr/m/n/10 [R30] IF ((odor=n) AND
 []


Underfull \hbox (badness 10000) in paragraph at lines 474--475
[]\OT1/pcr/m/n/10 [R31] IF ((odor=n) AND
 []


Underfull \hbox (badness 10000) in paragraph at lines 476--477
[]\OT1/pcr/m/n/10 [R32] IF ((odor=n) AND
 []


Underfull \hbox (badness 10000) in paragraph at lines 478--479
[]\OT1/pcr/m/n/10 [R33] IF ((odor=n) AND
 []

Package atveryend Info: Empty hook `BeforeClearDocument' on input line 482.
[4]
Package atveryend Info: Empty hook `AfterLastShipout' on input line 482.
 (./jdavid-jdecker-shrooms.aux)
Package atveryend Info: Executing hook `AtVeryEndDocument' on input line 482.
Package atveryend Info: Executing hook `AtEndAfterFileList' on input line 482.
Package rerunfilecheck Info: File `jdavid-jdecker-shrooms.out' has not changed.

(rerunfilecheck)             Checksum: 38C32058194824B80AF8AC4F662C42B3;1211.


LaTeX Warning: There were multiply-defined labels.

Package logreq Info: Writing requests to 'jdavid-jdecker-shrooms.run.xml'.
\openout1 = `jdavid-jdecker-shrooms.run.xml'.

 ) 
Here is how much of TeX's memory you used:
 11247 strings out of 493105
 182099 string characters out of 6137073
 389857 words of memory out of 5000000
 14584 multiletter control sequences out of 15000+600000
 40673 words of font info for 80 fonts, out of 8000000 for 9000
 1141 hyphenation exceptions out of 8191
 39i,8n,48p,840b,907s stack positions out of 5000i,500n,10000p,200000b,80000s
{/usr/share/texlive/texmf-dist/fonts/enc/dvips/base/8r.enc}</usr/share/texliv
e/texmf-dist/fonts/type1/public/amsfonts/cm/cmex10.pfb></usr/share/texlive/texm
f-dist/fonts/type1/public/amsfonts/cm/cmmi10.pfb></usr/share/texlive/texmf-dist
/fonts/type1/public/amsfonts/cm/cmmi7.pfb></usr/share/texlive/texmf-dist/fonts/
type1/public/amsfonts/cm/cmmi8.pfb></usr/share/texlive/texmf-dist/fonts/type1/p
ublic/amsfonts/cm/cmr10.pfb></usr/share/texlive/texmf-dist/fonts/type1/public/a
msfonts/cm/cmr7.pfb></usr/share/texlive/texmf-dist/fonts/type1/public/amsfonts/
cm/cmr8.pfb></usr/share/texlive/texmf-dist/fonts/type1/public/amsfonts/cm/cmsy1
0.pfb></usr/share/texlive/texmf-dist/fonts/type1/public/amsfonts/cm/cmsy7.pfb><
/usr/share/texlive/texmf-dist/fonts/type1/urw/courier/ucrr8a.pfb></usr/share/te
xlive/texmf-dist/fonts/type1/urw/times/utmb8a.pfb></usr/share/texlive/texmf-dis
t/fonts/type1/urw/times/utmbi8a.pfb></usr/share/texlive/texmf-dist/fonts/type1/
urw/times/utmr8a.pfb></usr/share/texlive/texmf-dist/fonts/type1/urw/times/utmri
8a.pfb>
Output written on jdavid-jdecker-shrooms.pdf (4 pages, 159909 bytes).
PDF statistics:
 192 PDF objects out of 1000 (max. 8388607)
 170 compressed objects within 2 object streams
 38 named destinations out of 1000 (max. 500000)
 153 words of extra memory for PDF output out of 10000 (max. 10000000)

